# JRE version: Java(TM) SE Runtime Environment (21.0.9+7) (build 21.0.9+7-LTS-338)
# Java VM: Java HotSpot(TM) 64-Bit Server VM (21.0.9+7-LTS-338, mixed mode, sharing, tiered, compressed oops, compressed class ptrs, parallel gc, windows-amd64)
GC Precious Log:
 CardTable entry size: 512
 CPUs: 12 total, 12 available
 Memory: 15982M
 Large Page Support: Disabled
 NUMA Support: Disabled
 Compressed Oops: Enabled (32-bit)
 Alignments: Space 512K, Generation 512K, Heap 2M
 Heap Min Capacity: 100M
 Heap Initial Capacity: 100M
 Heap Max Capacity: 2G
 Pre-touch: Disabled
 Parallel Workers: 10
Heap:
 PSYoungGen      total 2560K, used 2038K [0x00000000d5580000, 0x00000000d6100000, 0x0000000100000000)
  eden space 512K, 0% used [0x00000000d5580000,0x00000000d5580000,0x00000000d5600000)
  from space 2048K, 99% used [0x00000000d5a00000,0x00000000d5bfdbe8,0x00000000d5c00000)
  to   space 4096K, 0% used [0x00000000d5600000,0x00000000d5600000,0x00000000d5a00000)
 ParOldGen       total 133632K, used 133569K [0x0000000080000000, 0x0000000088280000, 0x00000000d5580000)
  object space 133632K, 99% used [0x0000000080000000,0x00000000882705b8,0x0000000088280000)
 Metaspace       used 111966K, committed 114048K, reserved 1179648K
  class space    used 10819K, committed 11840K, reserved 1048576K
GC Heap History (20 events):
Event: 90186.240 GC heap after
{Heap after GC invocations=38975 (full 665):
 PSYoungGen      total 4608K, used 1329K [0x00000000d5580000, 0x00000000d5b80000, 0x0000000100000000)
  eden space 3072K, 0% used [0x00000000d5580000,0x00000000d5580000,0x00000000d5880000)
  from space 1536K, 86% used [0x00000000d5880000,0x00000000d59cc4e8,0x00000000d5a00000)
  to   space 1536K, 0% used [0x00000000d5a00000,0x00000000d5a00000,0x00000000d5b80000)
 ParOldGen       total 132608K, used 130841K [0x0000000080000000, 0x0000000088180000, 0x00000000d5580000)
  object space 132608K, 98% used [0x0000000080000000,0x0000000087fc6420,0x0000000088180000)
 Metaspace       used 111965K, committed 114048K, reserved 1179648K
  class space    used 10819K, committed 11840K, reserved 1048576K
}
Event: 90188.024 GC heap before
{Heap before GC invocations=38976 (full 665):
 PSYoungGen      total 4608K, used 4401K [0x00000000d5580000, 0x00000000d5b80000, 0x0000000100000000)
  eden space 3072K, 100% used [0x00000000d5580000,0x00000000d5880000,0x00000000d5880000)
  from space 1536K, 86% used [0x00000000d5880000,0x00000000d59cc4e8,0x00000000d5a00000)
  to   space 1536K, 0% used [0x00000000d5a00000,0x00000000d5a00000,0x00000000d5b80000)
 ParOldGen       total 132608K, used 130841K [0x0000000080000000, 0x0000000088180000, 0x00000000d5580000)
  object space 132608K, 98% used [0x0000000080000000,0x0000000087fc6420,0x0000000088180000)
 Metaspace       used 111965K, committed 114048K, reserved 1179648K
  class space    used 10819K, committed 11840K, reserved 1048576K
}
Event: 90188.026 GC heap after
{Heap after GC invocations=38976 (full 665):
 PSYoungGen      total 4096K, used 1521K [0x00000000d5580000, 0x00000000d5c80000, 0x0000000100000000)
  eden space 2560K, 0% used [0x00000000d5580000,0x00000000d5580000,0x00000000d5800000)
  from space 1536K, 99% used [0x00000000d5a00000,0x00000000d5b7c4e8,0x00000000d5b80000)
  to   space 2048K, 0% used [0x00000000d5800000,0x00000000d5800000,0x00000000d5a00000)
 ParOldGen       total 132608K, used 131017K [0x0000000080000000, 0x0000000088180000, 0x00000000d5580000)
  object space 132608K, 98% used [0x0000000080000000,0x0000000087ff2430,0x0000000088180000)
 Metaspace       used 111965K, committed 114048K, reserved 1179648K
  class space    used 10819K, committed 11840K, reserved 1048576K
}
Event: 90188.364 GC heap before
{Heap before GC invocations=38977 (full 665):
 PSYoungGen      total 4096K, used 4081K [0x00000000d5580000, 0x00000000d5c80000, 0x0000000100000000)
  eden space 2560K, 100% used [0x00000000d5580000,0x00000000d5800000,0x00000000d5800000)
  from space 1536K, 99% used [0x00000000d5a00000,0x00000000d5b7c4e8,0x00000000d5b80000)
  to   space 2048K, 0% used [0x00000000d5800000,0x00000000d5800000,0x00000000d5a00000)
 ParOldGen       total 132608K, used 131017K [0x0000000080000000, 0x0000000088180000, 0x00000000d5580000)
  object space 132608K, 98% used [0x0000000080000000,0x0000000087ff2430,0x0000000088180000)
 Metaspace       used 111965K, committed 114048K, reserved 1179648K
  class space    used 10819K, committed 11840K, reserved 1048576K
}
Event: 90188.365 GC heap after
{Heap after GC invocations=38977 (full 665):
 PSYoungGen      total 4608K, used 1746K [0x00000000d5580000, 0x00000000d5c00000, 0x0000000100000000)
  eden space 2560K, 0% used [0x00000000d5580000,0x00000000d5580000,0x00000000d5800000)
  from space 2048K, 85% used [0x00000000d5800000,0x00000000d59b49e0,0x00000000d5a00000)
  to   space 2048K, 0% used [0x00000000d5a00000,0x00000000d5a00000,0x00000000d5c00000)
 ParOldGen       total 132608K, used 131017K [0x0000000080000000, 0x0000000088180000, 0x00000000d5580000)
  object space 132608K, 98% used [0x0000000080000000,0x0000000087ff2430,0x0000000088180000)
 Metaspace       used 111965K, committed 114048K, reserved 1179648K
  class space    used 10819K, committed 11840K, reserved 1048576K
}
Event: 90188.962 GC heap before
{Heap before GC invocations=38978 (full 665):
 PSYoungGen      total 4608K, used 4306K [0x00000000d5580000, 0x00000000d5c00000, 0x0000000100000000)
  eden space 2560K, 100% used [0x00000000d5580000,0x00000000d5800000,0x00000000d5800000)
  from space 2048K, 85% used [0x00000000d5800000,0x00000000d59b49e0,0x00000000d5a00000)
  to   space 2048K, 0% used [0x00000000d5a00000,0x00000000d5a00000,0x00000000d5c00000)
 ParOldGen       total 132608K, used 131017K [0x0000000080000000, 0x0000000088180000, 0x00000000d5580000)
  object space 132608K, 98% used [0x0000000080000000,0x0000000087ff2430,0x0000000088180000)
 Metaspace       used 111965K, committed 114048K, reserved 1179648K
  class space    used 10819K, committed 11840K, reserved 1048576K
}
Event: 90188.964 GC heap after
{Heap after GC invocations=38978 (full 665):
 PSYoungGen      total 4608K, used 1777K [0x00000000d5580000, 0x00000000d5c00000, 0x0000000100000000)
  eden space 2560K, 0% used [0x00000000d5580000,0x00000000d5580000,0x00000000d5800000)
  from space 2048K, 86% used [0x00000000d5a00000,0x00000000d5bbc4e8,0x00000000d5c00000)
  to   space 2048K, 0% used [0x00000000d5800000,0x00000000d5800000,0x00000000d5a00000)
 ParOldGen       total 132608K, used 131017K [0x0000000080000000, 0x0000000088180000, 0x00000000d5580000)
  object space 132608K, 98% used [0x0000000080000000,0x0000000087ff2430,0x0000000088180000)
 Metaspace       used 111965K, committed 114048K, reserved 1179648K
  class space    used 10819K, committed 11840K, reserved 1048576K
}
Event: 90189.180 GC heap before
{Heap before GC invocations=38979 (full 665):
 PSYoungGen      total 4608K, used 4337K [0x00000000d5580000, 0x00000000d5c00000, 0x0000000100000000)
  eden space 2560K, 100% used [0x00000000d5580000,0x00000000d5800000,0x00000000d5800000)
  from space 2048K, 86% used [0x00000000d5a00000,0x00000000d5bbc4e8,0x00000000d5c00000)
  to   space 2048K, 0% used [0x00000000d5800000,0x00000000d5800000,0x00000000d5a00000)
 ParOldGen       total 132608K, used 131017K [0x0000000080000000, 0x0000000088180000, 0x00000000d5580000)
  object space 132608K, 98% used [0x0000000080000000,0x0000000087ff2430,0x0000000088180000)
 Metaspace       used 111965K, committed 114048K, reserved 1179648K
  class space    used 10819K, committed 11840K, reserved 1048576K
}
Event: 90189.181 GC heap after
{Heap after GC invocations=38979 (full 665):
 PSYoungGen      total 4608K, used 1664K [0x00000000d5580000, 0x00000000d5c00000, 0x0000000100000000)
  eden space 2560K, 0% used [0x00000000d5580000,0x00000000d5580000,0x00000000d5800000)
  from space 2048K, 81% used [0x00000000d5800000,0x00000000d59a0000,0x00000000d5a00000)
  to   space 2048K, 0% used [0x00000000d5a00000,0x00000000d5a00000,0x00000000d5c00000)
 ParOldGen       total 132608K, used 131017K [0x0000000080000000, 0x0000000088180000, 0x00000000d5580000)
  object space 132608K, 98% used [0x0000000080000000,0x0000000087ff2430,0x0000000088180000)
 Metaspace       used 111965K, committed 114048K, reserved 1179648K
  class space    used 10819K, committed 11840K, reserved 1048576K
}
Event: 90189.390 GC heap before
{Heap before GC invocations=38980 (full 665):
 PSYoungGen      total 4608K, used 4224K [0x00000000d5580000, 0x00000000d5c00000, 0x0000000100000000)
  eden space 2560K, 100% used [0x00000000d5580000,0x00000000d5800000,0x00000000d5800000)
  from space 2048K, 81% used [0x00000000d5800000,0x00000000d59a0000,0x00000000d5a00000)
  to   space 2048K, 0% used [0x00000000d5a00000,0x00000000d5a00000,0x00000000d5c00000)
 ParOldGen       total 132608K, used 131017K [0x0000000080000000, 0x0000000088180000, 0x00000000d5580000)
  object space 132608K, 98% used [0x0000000080000000,0x0000000087ff2430,0x0000000088180000)
 Metaspace       used 111965K, committed 114048K, reserved 1179648K
  class space    used 10819K, committed 11840K, reserved 1048576K
}
Event: 90189.392 GC heap after
{Heap after GC invocations=38980 (full 665):
 PSYoungGen      total 4608K, used 1696K [0x00000000d5580000, 0x00000000d5c00000, 0x0000000100000000)
  eden space 2560K, 0% used [0x00000000d5580000,0x00000000d5580000,0x00000000d5800000)
  from space 2048K, 82% used [0x00000000d5a00000,0x00000000d5ba8000,0x00000000d5c00000)
  to   space 2048K, 0% used [0x00000000d5800000,0x00000000d5800000,0x00000000d5a00000)
 ParOldGen       total 132608K, used 131508K [0x0000000080000000, 0x0000000088180000, 0x00000000d5580000)
  object space 132608K, 99% used [0x0000000080000000,0x000000008806d030,0x0000000088180000)
 Metaspace       used 111965K, committed 114048K, reserved 1179648K
  class space    used 10819K, committed 11840K, reserved 1048576K
}
Event: 90189.597 GC heap before
{Heap before GC invocations=38981 (full 665):
 PSYoungGen      total 4608K, used 4256K [0x00000000d5580000, 0x00000000d5c00000, 0x0000000100000000)
  eden space 2560K, 100% used [0x00000000d5580000,0x00000000d5800000,0x00000000d5800000)
  from space 2048K, 82% used [0x00000000d5a00000,0x00000000d5ba8000,0x00000000d5c00000)
  to   space 2048K, 0% used [0x00000000d5800000,0x00000000d5800000,0x00000000d5a00000)
 ParOldGen       total 132608K, used 131508K [0x0000000080000000, 0x0000000088180000, 0x00000000d5580000)
  object space 132608K, 99% used [0x0000000080000000,0x000000008806d030,0x0000000088180000)
 Metaspace       used 111966K, committed 114048K, reserved 1179648K
  class space    used 10819K, committed 11840K, reserved 1048576K
}
Event: 90189.599 GC heap after
{Heap after GC invocations=38981 (full 665):
 PSYoungGen      total 4608K, used 1715K [0x00000000d5580000, 0x00000000d5c00000, 0x0000000100000000)
  eden space 2560K, 0% used [0x00000000d5580000,0x00000000d5580000,0x00000000d5800000)
  from space 2048K, 83% used [0x00000000d5800000,0x00000000d59aceb8,0x00000000d5a00000)
  to   space 2048K, 0% used [0x00000000d5a00000,0x00000000d5a00000,0x00000000d5c00000)
 ParOldGen       total 132608K, used 131663K [0x0000000080000000, 0x0000000088180000, 0x00000000d5580000)
  object space 132608K, 99% used [0x0000000080000000,0x0000000088093c28,0x0000000088180000)
 Metaspace       used 111966K, committed 114048K, reserved 1179648K
  class space    used 10819K, committed 11840K, reserved 1048576K
}
Event: 90189.708 GC heap before
{Heap before GC invocations=38982 (full 665):
 PSYoungGen      total 4608K, used 4275K [0x00000000d5580000, 0x00000000d5c00000, 0x0000000100000000)
  eden space 2560K, 99% used [0x00000000d5580000,0x00000000d57fffa0,0x00000000d5800000)
  from space 2048K, 83% used [0x00000000d5800000,0x00000000d59aceb8,0x00000000d5a00000)
  to   space 2048K, 0% used [0x00000000d5a00000,0x00000000d5a00000,0x00000000d5c00000)
 ParOldGen       total 132608K, used 131663K [0x0000000080000000, 0x0000000088180000, 0x00000000d5580000)
  object space 132608K, 99% used [0x0000000080000000,0x0000000088093c28,0x0000000088180000)
 Metaspace       used 111966K, committed 114048K, reserved 1179648K
  class space    used 10819K, committed 11840K, reserved 1048576K
}
Event: 90189.709 GC heap after
{Heap after GC invocations=38982 (full 665):
 PSYoungGen      total 4096K, used 1169K [0x00000000d5580000, 0x00000000d5b80000, 0x0000000100000000)
  eden space 2560K, 0% used [0x00000000d5580000,0x00000000d5580000,0x00000000d5800000)
  from space 1536K, 76% used [0x00000000d5a00000,0x00000000d5b244e8,0x00000000d5b80000)
  to   space 1536K, 0% used [0x00000000d5880000,0x00000000d5880000,0x00000000d5a00000)
 ParOldGen       total 132608K, used 131711K [0x0000000080000000, 0x0000000088180000, 0x00000000d5580000)
  object space 132608K, 99% used [0x0000000080000000,0x000000008809fc28,0x0000000088180000)
 Metaspace       used 111966K, committed 114048K, reserved 1179648K
  class space    used 10819K, committed 11840K, reserved 1048576K
}
Event: 90189.737 GC heap before
{Heap before GC invocations=38983 (full 665):
 PSYoungGen      total 4096K, used 3673K [0x00000000d5580000, 0x00000000d5b80000, 0x0000000100000000)
  eden space 2560K, 97% used [0x00000000d5580000,0x00000000d57f2120,0x00000000d5800000)
  from space 1536K, 76% used [0x00000000d5a00000,0x00000000d5b244e8,0x00000000d5b80000)
  to   space 1536K, 0% used [0x00000000d5880000,0x00000000d5880000,0x00000000d5a00000)
 ParOldGen       total 132608K, used 131711K [0x0000000080000000, 0x0000000088180000, 0x00000000d5580000)
  object space 132608K, 99% used [0x0000000080000000,0x000000008809fc28,0x0000000088180000)
 Metaspace       used 111966K, committed 114048K, reserved 1179648K
  class space    used 10819K, committed 11840K, reserved 1048576K
}
Event: 90189.739 GC heap after
{Heap after GC invocations=38983 (full 665):
 PSYoungGen      total 4096K, used 1528K [0x00000000d5580000, 0x00000000d5c00000, 0x0000000100000000)
  eden space 2560K, 0% used [0x00000000d5580000,0x00000000d5580000,0x00000000d5800000)
  from space 1536K, 99% used [0x00000000d5880000,0x00000000d59fe0e0,0x00000000d5a00000)
  to   space 2048K, 0% used [0x00000000d5a00000,0x00000000d5a00000,0x00000000d5c00000)
 ParOldGen       total 132608K, used 131819K [0x0000000080000000, 0x0000000088180000, 0x00000000d5580000)
  object space 132608K, 99% used [0x0000000080000000,0x00000000880baeb8,0x0000000088180000)
 Metaspace       used 111966K, committed 114048K, reserved 1179648K
  class space    used 10819K, committed 11840K, reserved 1048576K
}
Event: 90189.745 GC heap before
{Heap before GC invocations=38984 (full 665):
 PSYoungGen      total 4096K, used 4088K [0x00000000d5580000, 0x00000000d5c00000, 0x0000000100000000)
  eden space 2560K, 100% used [0x00000000d5580000,0x00000000d5800000,0x00000000d5800000)
  from space 1536K, 99% used [0x00000000d5880000,0x00000000d59fe0e0,0x00000000d5a00000)
  to   space 2048K, 0% used [0x00000000d5a00000,0x00000000d5a00000,0x00000000d5c00000)
 ParOldGen       total 132608K, used 131819K [0x0000000080000000, 0x0000000088180000, 0x00000000d5580000)
  object space 132608K, 99% used [0x0000000080000000,0x00000000880baeb8,0x0000000088180000)
 Metaspace       used 111966K, committed 114048K, reserved 1179648K
  class space    used 10819K, committed 11840K, reserved 1048576K
}
Event: 90189.748 GC heap after
{Heap after GC invocations=38984 (full 665):
 PSYoungGen      total 2560K, used 2038K [0x00000000d5580000, 0x00000000d6100000, 0x0000000100000000)
  eden space 512K, 0% used [0x00000000d5580000,0x00000000d5580000,0x00000000d5600000)
  from space 2048K, 99% used [0x00000000d5a00000,0x00000000d5bfdbe8,0x00000000d5c00000)
  to   space 4096K, 0% used [0x00000000d5600000,0x00000000d5600000,0x00000000d5a00000)
 ParOldGen       total 133632K, used 133569K [0x0000000080000000, 0x0000000088280000, 0x00000000d5580000)
  object space 133632K, 99% used [0x0000000080000000,0x00000000882705b8,0x0000000088280000)
 Metaspace       used 111966K, committed 114048K, reserved 1179648K
  class space    used 10819K, committed 11840K, reserved 1048576K
}
Event: 90189.748 GC heap before
{Heap before GC invocations=38985 (full 666):
 PSYoungGen      total 2560K, used 2038K [0x00000000d5580000, 0x00000000d6100000, 0x0000000100000000)
  eden space 512K, 0% used [0x00000000d5580000,0x00000000d5580000,0x00000000d5600000)
  from space 2048K, 99% used [0x00000000d5a00000,0x00000000d5bfdbe8,0x00000000d5c00000)
  to   space 4096K, 0% used [0x00000000d5600000,0x00000000d5600000,0x00000000d5a00000)
 ParOldGen       total 133632K, used 133569K [0x0000000080000000, 0x0000000088280000, 0x00000000d5580000)
  object space 133632K, 99% used [0x0000000080000000,0x00000000882705b8,0x0000000088280000)
 Metaspace       used 111966K, committed 114048K, reserved 1179648K
  class space    used 10819K, committed 11840K, reserved 1048576K
}

